  **** HLS Build v2025.1 6135595
INFO: [HLS 200-2005] Using work_dir C:/Projects/Xilinx/LoadStore/LoadStoreMachine/LoadStoreMachine 
INFO: [HLS 200-2176] Writing Vitis IDE component file C:/Projects/Xilinx/LoadStore/LoadStoreMachine/LoadStoreMachine/vitis-comp.json
INFO: [HLS 200-10] Creating and opening component 'C:/Projects/Xilinx/LoadStore/LoadStoreMachine/LoadStoreMachine'.
INFO: [HLS 200-1505] Using default flow_target 'vivado'
Resolution: For help on HLS 200-1505 see docs.xilinx.com/access/sources/dita/topic?Doc_Version=2025.1%20English&url=ug1448-hls-guidance&resourceid=200-1505.html
INFO: [HLS 200-2174] Applying component config ini file C:/Projects/Xilinx/LoadStore/LoadStoreMachine/hls_config.cfg
INFO: [HLS 200-1465] Applying config ini 'syn.file=./loadstore.cpp' from C:/Projects/Xilinx/LoadStore/LoadStoreMachine/hls_config.cfg(9)
INFO: [HLS 200-10] Adding design file 'C:/Projects/Xilinx/LoadStore/LoadStoreMachine/loadstore.cpp' to the project
INFO: [HLS 200-1465] Applying config ini 'syn.file=./loadstore.h' from C:/Projects/Xilinx/LoadStore/LoadStoreMachine/hls_config.cfg(10)
INFO: [HLS 200-10] Adding design file 'C:/Projects/Xilinx/LoadStore/LoadStoreMachine/loadstore.h' to the project
INFO: [HLS 200-1465] Applying config ini 'tb.file=./test_lsm.cpp' from C:/Projects/Xilinx/LoadStore/LoadStoreMachine/hls_config.cfg(11)
INFO: [HLS 200-10] Adding test bench file 'C:/Projects/Xilinx/LoadStore/LoadStoreMachine/test_lsm.cpp' to the project
INFO: [HLS 200-1465] Applying config ini 'syn.top=execute' from C:/Projects/Xilinx/LoadStore/LoadStoreMachine/hls_config.cfg(12)
INFO: [HLS 200-1465] Applying config ini 'flow_target=vivado' from C:/Projects/Xilinx/LoadStore/LoadStoreMachine/hls_config.cfg(4)
INFO: [HLS 200-1505] Using flow_target 'vivado'
Resolution: For help on HLS 200-1505 see docs.xilinx.com/access/sources/dita/topic?Doc_Version=2025.1%20English&url=ug1448-hls-guidance&resourceid=200-1505.html
INFO: [HLS 200-1465] Applying config ini 'part=xc7z007sclg225-2' from C:/Projects/Xilinx/LoadStore/LoadStoreMachine/hls_config.cfg(1)
INFO: [HLS 200-1611] Setting target device to 'xc7z007s-clg225-2'
INFO: [HLS 200-1465] Applying config ini 'clock=10ns' from C:/Projects/Xilinx/LoadStore/LoadStoreMachine/hls_config.cfg(7)
INFO: [SYN 201-201] Setting up clock 'default' with a period of 10ns.
INFO: [HLS 200-1465] Applying config ini 'clock_uncertainty=27%' from C:/Projects/Xilinx/LoadStore/LoadStoreMachine/hls_config.cfg(8)
INFO: [SYN 201-201] Setting up clock 'default' with an uncertainty of 2.7ns.
INFO: [HLS 200-1465] Applying config ini 'cosim.rtl=vhdl' from C:/Projects/Xilinx/LoadStore/LoadStoreMachine/hls_config.cfg(14)
INFO: [HLS 200-1465] Applying config ini 'cosim.trace_level=none' from C:/Projects/Xilinx/LoadStore/LoadStoreMachine/hls_config.cfg(13)
INFO: [HLS 200-1465] Applying config ini 'package.output.format=ip_catalog' from C:/Projects/Xilinx/LoadStore/LoadStoreMachine/hls_config.cfg(5)
INFO: [HLS 200-2176] Writing Vitis IDE component file C:/Projects/Xilinx/LoadStore/LoadStoreMachine/LoadStoreMachine/vitis-comp.json
INFO: [SIM 211-2] *************** CSIM start ***************
INFO: [SIM 211-4] CSIM will launch CLANG as the compiler.
INFO: [HLS 200-2036] Building debug C Simulation binaries
   Compiling ../../../../test_lsm.cpp in debug mode
   Generating csim.exe
In file included from ../../../../test_lsm.cpp:1:
In file included from ../../../../loadstore.h:4:
In file included from C:/Xilinx/2025.1/Vitis/include/ap_int.h:10:
In file included from C:/Xilinx/2025.1/Vitis/include/etc/ap_common.h:677:
In file included from C:/Xilinx/2025.1/Vitis/include/etc/ap_private.h:68:
In file included from C:/Xilinx/2025.1/Vitis/include/hls_half.h:26:
In file included from C:/Xilinx/2025.1/Vitis/include/etc/hls_half_fpo.h:19:
In file included from C:/Xilinx/2025.1/Vitis/include/hls_fpo.h:140:
In file included from C:/Xilinx/2025.1/Vitis/include/floating_point_v7_1_bitacc_cmodel.h:150:
C:/Xilinx/2025.1/Vitis/include/gmp.h:58:9: warning: '__GMP_LIBGMP_DLL' macro redefined [-Wmacro-redefined]
#define __GMP_LIBGMP_DLL  0
        ^
C:/Xilinx/2025.1/Vitis/include/floating_point_v7_1_bitacc_cmodel.h:142:9: note: previous definition is here
#define __GMP_LIBGMP_DLL 1
        ^
1 warning generated.
Test 1: Register Write and Read

$00: 0x00000000  0x0000000A  0x00000000  0x00000000  
$04: 0x00000000  0x00000000  0x00000000  0x00000000  
$08: 0x00000000  0x00000000  0x00000000  0x00000000  
$12: 0x00000000  0x00000000  0x00000000  0x00000000  
$16: 0x00000000  0x00000000  0x00000000  0x00000000  
$20: 0x00000000  0x00000000  0x00000000  0x00000000  
$24: 0x00000000  0x00000000  0x00000000  0x00000000  
$28: 0x00000000  0x00000000  0x00000000  0x00000000  

$00: 0x00000000  0x0000000A  0x00000014  0x00000000  
$04: 0x00000000  0x00000000  0x00000000  0x00000000  
$08: 0x00000000  0x00000000  0x00000000  0x00000000  
$12: 0x00000000  0x00000000  0x00000000  0x00000000  
$16: 0x00000000  0x00000000  0x00000000  0x00000000  
$20: 0x00000000  0x00000000  0x00000000  0x00000000  
$24: 0x00000000  0x00000000  0x00000000  0x00000000  
$28: 0x00000000  0x00000000  0x00000000  0x00000000  
PASSTest 2: ADD Operation (R3 = R1 + R2)

$00: 0x00000000  0x0000000A  0x00000014  0x0000001E  
$04: 0x00000000  0x00000000  0x00000000  0x00000000  
$08: 0x00000000  0x00000000  0x00000000  0x00000000  
$12: 0x00000000  0x00000000  0x00000000  0x00000000  
$16: 0x00000000  0x00000000  0x00000000  0x00000000  
$20: 0x00000000  0x00000000  0x00000000  0x00000000  
$24: 0x00000000  0x00000000  0x00000000  0x00000000  
$28: 0x00000000  0x00000000  0x00000000  0x00000000  
  R3 = 0x1E
PASS
Test 3: SUB Operation (R4 = R2 - R1)

$00: 0x00000000  0x0000000A  0x00000014  0x0000001E  
$04: 0x0000000A  0x00000000  0x00000000  0x00000000  
$08: 0x00000000  0x00000000  0x00000000  0x00000000  
$12: 0x00000000  0x00000000  0x00000000  0x00000000  
$16: 0x00000000  0x00000000  0x00000000  0x00000000  
$20: 0x00000000  0x00000000  0x00000000  0x00000000  
$24: 0x00000000  0x00000000  0x00000000  0x00000000  
$28: 0x00000000  0x00000000  0x00000000  0x00000000  
  R4 = 0xA
PASS
Test 4: AND Operation (R5 = R1 AND 0x0F)

$00: 0x00000000  0x0000000A  0x00000014  0x0000001E  
$04: 0x0000000A  0x00000000  0x0000000F  0x00000000  
$08: 0x00000000  0x00000000  0x00000000  0x00000000  
$12: 0x00000000  0x00000000  0x00000000  0x00000000  
$16: 0x00000000  0x00000000  0x00000000  0x00000000  
$20: 0x00000000  0x00000000  0x00000000  0x00000000  
$24: 0x00000000  0x00000000  0x00000000  0x00000000  
$28: 0x00000000  0x00000000  0x00000000  0x00000000  

$00: 0x00000000  0x0000000A  0x00000014  0x0000001E  
$04: 0x0000000A  0x0000000A  0x0000000F  0x00000000  
$08: 0x00000000  0x00000000  0x00000000  0x00000000  
$12: 0x00000000  0x00000000  0x00000000  0x00000000  
$16: 0x00000000  0x00000000  0x00000000  0x00000000  
$20: 0x00000000  0x00000000  0x00000000  0x00000000  
$24: 0x00000000  0x00000000  0x00000000  0x00000000  
$28: 0x00000000  0x00000000  0x00000000  0x00000000  
  R5 = 0xA
PASS
Test 5: OR Operation (R7 = R1 OR 0xF0)

$00: 0x00000000  0x0000000A  0x00000014  0x0000001E  
$04: 0x0000000A  0x0000000A  0x0000000F  0x00000000  
$08: 0x000000F0  0x00000000  0x00000000  0x00000000  
$12: 0x00000000  0x00000000  0x00000000  0x00000000  
$16: 0x00000000  0x00000000  0x00000000  0x00000000  
$20: 0x00000000  0x00000000  0x00000000  0x00000000  
$24: 0x00000000  0x00000000  0x00000000  0x00000000  
$28: 0x00000000  0x00000000  0x00000000  0x00000000  

$00: 0x00000000  0x0000000A  0x00000014  0x0000001E  
$04: 0x0000000A  0x0000000A  0x0000000F  0x000000FA  
$08: 0x000000F0  0x00000000  0x00000000  0x00000000  
$12: 0x00000000  0x00000000  0x00000000  0x00000000  
$16: 0x00000000  0x00000000  0x00000000  0x00000000  
$20: 0x00000000  0x00000000  0x00000000  0x00000000  
$24: 0x00000000  0x00000000  0x00000000  0x00000000  
$28: 0x00000000  0x00000000  0x00000000  0x00000000  
  R7 = 0xFA
PASS
Test 6: Memory Write (mem[0] = 0x12345678)

$00: 0x00000000  0x0000000A  0x00000014  0x0000001E  
$04: 0x0000000A  0x0000000A  0x0000000F  0x000000FA  
$08: 0x000000F0  0x00000000  0x12345678  0x00000000  
$12: 0x00000000  0x00000000  0x00000000  0x00000000  
$16: 0x00000000  0x00000000  0x00000000  0x00000000  
$20: 0x00000000  0x00000000  0x00000000  0x00000000  
$24: 0x00000000  0x00000000  0x00000000  0x00000000  
$28: 0x00000000  0x00000000  0x00000000  0x00000000  

$00: 0x00000000  0x0000000A  0x00000014  0x0000001E  
$04: 0x0000000A  0x0000000A  0x0000000F  0x000000FA  
$08: 0x000000F0  0x00000000  0x12345678  0x00000000  
$12: 0x00000000  0x00000000  0x00000000  0x00000000  
$16: 0x00000000  0x00000000  0x00000000  0x00000000  
$20: 0x00000000  0x00000000  0x00000000  0x00000000  
$24: 0x00000000  0x00000000  0x00000000  0x00000000  
$28: 0x00000000  0x00000000  0x00000000  0x00000000  

$00: 0x00000000  0x0000000A  0x00000014  0x0000001E  
$04: 0x0000000A  0x0000000A  0x0000000F  0x000000FA  
$08: 0x000000F0  0x00000000  0x12345678  0x00000000  
$12: 0x00000000  0x00000000  0x00000000  0x00000000  
$16: 0x00000000  0x00000000  0x00000000  0x00000000  
$20: 0x00000000  0x00000000  0x00000000  0x00000000  
$24: 0x00000000  0x00000000  0x00000000  0x00000000  
$28: 0x00000000  0x00000000  0x00000000  0x00000000  
  Memory[0] = 0x12345678
PASS
Test 7: Memory Read (R12 = mem[0])

$00: 0x00000000  0x0000000A  0x00000014  0x0000001E  
$04: 0x0000000A  0x0000000A  0x0000000F  0x000000FA  
$08: 0x000000F0  0x00000000  0x12345678  0x00000000  
$12: 0x00000000  0x00000000  0x00000000  0x00000000  
$16: 0x00000000  0x00000000  0x00000000  0x00000000  
$20: 0x00000000  0x00000000  0x00000000  0x00000000  
$24: 0x00000000  0x00000000  0x00000000  0x00000000  
$28: 0x00000000  0x00000000  0x00000000  0x00000000  

$00: 0x00000000  0x0000000A  0x00000014  0x0000001E  
$04: 0x0000000A  0x0000000A  0x0000000F  0x000000FA  
$08: 0x000000F0  0x00000000  0x12345678  0x12345678  
$12: 0x00000000  0x00000000  0x00000000  0x00000000  
$16: 0x00000000  0x00000000  0x00000000  0x00000000  
$20: 0x00000000  0x00000000  0x00000000  0x00000000  
$24: 0x00000000  0x00000000  0x00000000  0x00000000  
$28: 0x00000000  0x00000000  0x00000000  0x00000000  
  R12 = 0x12345678
PASS
Test 8: Sequential Operations
  Step 1: R13 = 5 + 3

$00: 0x00000000  0x0000000A  0x00000014  0x0000001E  
$04: 0x0000000A  0x0000000A  0x0000000F  0x000000FA  
$08: 0x000000F0  0x00000000  0x12345678  0x12345678  
$12: 0x00000000  0x00000000  0x00000005  0x00000000  
$16: 0x00000000  0x00000000  0x00000000  0x00000000  
$20: 0x00000000  0x00000000  0x00000000  0x00000000  
$24: 0x00000000  0x00000000  0x00000000  0x00000000  
$28: 0x00000000  0x00000000  0x00000000  0x00000000  

$00: 0x00000000  0x0000000A  0x00000014  0x0000001E  
$04: 0x0000000A  0x0000000A  0x0000000F  0x000000FA  
$08: 0x000000F0  0x00000000  0x12345678  0x12345678  
$12: 0x00000000  0x00000000  0x00000005  0x00000003  
$16: 0x00000000  0x00000000  0x00000000  0x00000000  
$20: 0x00000000  0x00000000  0x00000000  0x00000000  
$24: 0x00000000  0x00000000  0x00000000  0x00000000  
$28: 0x00000000  0x00000000  0x00000000  0x00000000  

$00: 0x00000000  0x0000000A  0x00000014  0x0000001E  
$04: 0x0000000A  0x0Assertion failed: result_reg1 == 16, f000000A  0x0000000F  0x000000FA  
$08: 0x000000F0  0x00000000  0x12345678  0x12345678  
$12: 0x00000000  0x00000008  0x00000005  0x00000003  
$16: 0x00000000  0x00000000  0x00000000  0x00000000  
$20: 0x00000000  0x00000000  0x00000000  0x00000000  
$24: 0x00000000  0x00000000  0x00000000  0x00000000  
$28: 0x00000000  0x00000000  0x00000000  0x00000000  
    Result: 0x8
  Step 2: R16 = R13 * 2 (via ADD R13 + R13)

$00: 0x00000000  0x0000000A  0x00000014  0x0000001E  
$04: 0x0000000A  0x0000000A  0x0000000F  0x000000FA  
$08: 0x000000F0  0x00000000  0x12345678  0x12345678  
$12: 0x00000000  0x00000008  0x00000005  0x00000003  
$16: 0x00000010  0x00000000  0x00000000  0x00000000  
$20: 0x00000000  0x00000000  0x00000000  0x00000000  
$24: 0x00000000  0x00000000  0x00000000  0x00000000  
$28: 0x00000000  0x00000000  0x00000000  0x00000000  
    Result: 0x10
  Step 3: mem[10] = R16

$00: 0x00000000  0x0000000A  0x00000014  0x0000001E  
$04: 0x0000000A  0x0000000A  0x0000000F  0x000000FA  
ile ../../../../test_lsm.cpp, line 91
$08: 0x000000F0  0x00000000  0x12345678  0x12345678  
$12: 0x00000000  0x00000008  0x00000005  0x00000003  
$16: 0x00000010  0x0000000A  0x00000000  0x00000000  
$20: 0x00000000  0x00000000  0x00000000  0x00000000  
$24: 0x00000000  0x00000000  0x00000000  0x00000000  
$28: 0x00000000  0x00000000  0x00000000  0x00000000  

$00: 0x00000000  0x0000000A  0x00000014  0x0000001E  
$04: 0x0000000A  0x0000000A  0x0000000F  0x000000FA  
$08: 0x000000F0  0x00000000  0x12345678  0x12345678  
$12: 0x00000000  0x00000008  0x00000005  0x00000003  
$16: 0x00000010  0x0000000A  0x00000000  0x00000000  
$20: 0x00000000  0x00000000  0x00000000  0x00000000  
$24: 0x00000000  0x00000000  0x00000000  0x00000000  
$28: 0x00000000  0x00000000  0x00000000  0x00000000  
    Result: 0x10
  Step 4: R18 = mem[10]

$00: 0x00000000  0x0000000A  0x00000014  0x0000001E  
$04: 0x0000000A  0x0000000A  0x0000000F  0x000000FA  
$08: 0x000000F0  0x00000000  0x12345678  0x12345678  
$12: 0x00000000  0x00000008  0x00000005  0x00000003  
$16: 0x00000010  0x12345678  0x00000000  0x00000000  
$20: 0x00000000  0x00000000  0x00000000  0x00000000  
$24: 0x00000000  0x00000000  0x00000000  0x00000000  
$28: 0x00000000  0x00000000  0x00000000  0x00000000  
    Result: 0x12345678 (expected 0x10 = 16)
@E Simulation failed: Function 'main' returns nonzero value '3'.
ERROR: [SIM 211-100] 'csim_design' failed: nonzero return value.
INFO: [SIM 211-3] *************** CSIM finish ***************
ERROR: 4
INFO: [HLS 200-112] Total CPU user time: 1 seconds. Total CPU system time: 1 seconds. Total elapsed time: 6.813 seconds; peak allocated memory: 135.199 MB.
