INFO: [SIM 2] *************** CSIM start ***************
INFO: [SIM 4] CSIM will launch CLANG as the compiler.
   Compiling ../../../../loadstore.cpp in debug mode
   Generating csim.exe
Test 1: Initialization and Reset
PASSED
Test 2: Register Write and Read
  R1 = 0xA (expected 0xA)
  R2 = 0x14 (expected 0x14)
PASSED
Test 3: ADD Operation (R3 = R1 + R2)
  ALU result: 0x1E (expected 0x1E = 30)
  R3 = 0x1E
PASS
Test 4: SUB Operation (R4 = R2 - R1)
  ALU result: 0xA (expected 0xA = 10)
  R4 = 0xA
PASS
Test 5: AND Operation (R5 = R1 AND 0x0F)
  ALU result: 0xA (expected 0xA)
  R5 = 0xA
PASS
Test 6: OR Operation (R7 = R1 OR 0xF0)
  ALU result: 0xFA (expected 0xFA)
  R7 = 0xFA
PASS
Test 7: Memory Write (mem[0] = 0x12345678)
  Data written to memory address 0
  Memory[0] = 0x12345678 (expected 0x12345678)
PASS
Test 8: Memory Read (R12 = mem[0])
  Data read from memory address 0
  Memory output: 0x12345678
  R12 = 0x12345678 (expected 0x12345678)
PASS
Test 9: Sequential Operations
  Step 1: R13 = 5 + 3
    Result: 0x8
  Step 2: R16 = R13 * 2 (via ADD R13 + R13)
    Result: 0x10
  Step 3: mem[10] = R16
  Step 4: R18 = mem[10]
    Result: 0x10 (expected 0x10 = 16)
  Sequential operations: PASS

Test 10: Register File Contents

$00: 0x00000000  0x0000000A  0x00000014  0x0000001E  
$04: 0x0000000A  0x0000000A  0x0000000F  0x000000FA  
$08: 0x000000F0  0x00000000  0x12345678  0x00000000  
$12: 0x12345678  0x00000008  0x00000005  0x00000003  
$16: 0x00000010  0x0000000A  0x00000010  0x00000000  
$20: 0x00000000  0x00000000  0x00000000  0x00000000  
$24: 0x00000000  0x00000000  0x00000000  0x00000000  
$28: 0x00000000  0x00000000  0x00000000  0x00000000  

Test 11: Memory Contents (0-15)

Mem[000]: 0x12345678  0x00000000  0x00000000  0x00000000  
Mem[004]: 0x00000000  0x00000000  0x00000000  0x00000000  
Mem[008]: 0x00000000  0x00000000  0x00000010  0x00000000  
Mem[012]: 0x00000000  0x00000000  0x00000000  0x00000000  

ALL TEST PASSED SUCCESSFULLY
INFO: [SIM 1] CSim done with 0 errors.
INFO: [SIM 3] *************** CSIM finish ***************
