C:\Projects\Xilinx\LoadStore\LoadStoreMachine\LoadStoreMachine\hls\.autopilot\db\loadstore.pp.0.cpp:2258:5: warning: Added loop label VITIS_LOOP_676_1:   [xilinx-label-all-loops]
    for (unsigned i = low; i != high+1; ++i) {
    ^~~
    VITIS_LOOP_676_1: 
C:\Projects\Xilinx\LoadStore\LoadStoreMachine\LoadStoreMachine\hls\.autopilot\db\loadstore.pp.0.cpp:2258:5: note: FIX-IT applied suggested code changes
C:\Projects\Xilinx\LoadStore\LoadStoreMachine\LoadStoreMachine\hls\.autopilot\db\loadstore.pp.0.cpp:2272:5: warning: Added loop label VITIS_LOOP_690_1:   [xilinx-label-all-loops]
    for (unsigned i = low; i != high+1; ++i) {
    ^~~
    VITIS_LOOP_690_1: 
C:\Projects\Xilinx\LoadStore\LoadStoreMachine\LoadStoreMachine\hls\.autopilot\db\loadstore.pp.0.cpp:2272:5: note: FIX-IT applied suggested code changes
C:\Projects\Xilinx\LoadStore\LoadStoreMachine\LoadStoreMachine\hls\.autopilot\db\loadstore.pp.0.cpp:2286:5: warning: Added loop label VITIS_LOOP_704_1:   [xilinx-label-all-loops]
    for (unsigned i = low; i != high+1; ++i) {
    ^~~
    VITIS_LOOP_704_1: 
C:\Projects\Xilinx\LoadStore\LoadStoreMachine\LoadStoreMachine\hls\.autopilot\db\loadstore.pp.0.cpp:2286:5: note: FIX-IT applied suggested code changes
C:\Projects\Xilinx\LoadStore\LoadStoreMachine\LoadStoreMachine\hls\.autopilot\db\loadstore.pp.0.cpp:4254:7: warning: Added loop label VITIS_LOOP_1248_1:   [xilinx-label-all-loops]
      for (i = 0; i < __N - 1; ++i) {
      ^~~
      VITIS_LOOP_1248_1: 
C:\Projects\Xilinx\LoadStore\LoadStoreMachine\LoadStoreMachine\hls\.autopilot\db\loadstore.pp.0.cpp:4254:7: note: FIX-IT applied suggested code changes
C:\Projects\Xilinx\LoadStore\LoadStoreMachine\LoadStoreMachine\hls\.autopilot\db\loadstore.pp.0.cpp:7187:2: warning: Added loop label VITIS_LOOP_6_1:   [xilinx-label-all-loops]
 for(int i = 0; i < 32; i++)
 ^~~
 VITIS_LOOP_6_1: 
C:\Projects\Xilinx\LoadStore\LoadStoreMachine\LoadStoreMachine\hls\.autopilot\db\loadstore.pp.0.cpp:7187:2: note: FIX-IT applied suggested code changes
C:\Projects\Xilinx\LoadStore\LoadStoreMachine\LoadStoreMachine\hls\.autopilot\db\loadstore.pp.0.cpp:7204:5: warning: Added loop label VITIS_LOOP_23_1:   [xilinx-label-all-loops]
    for(int i = 0; i < 32; i++)
    ^~~
    VITIS_LOOP_23_1: 
C:\Projects\Xilinx\LoadStore\LoadStoreMachine\LoadStoreMachine\hls\.autopilot\db\loadstore.pp.0.cpp:7204:5: note: FIX-IT applied suggested code changes
C:\Projects\Xilinx\LoadStore\LoadStoreMachine\LoadStoreMachine\hls\.autopilot\db\loadstore.pp.0.cpp:7264:2: warning: Added loop label VITIS_LOOP_83_1:   [xilinx-label-all-loops]
 for(int i = 0; i < 1024; i++)
 ^~~
 VITIS_LOOP_83_1: 
C:\Projects\Xilinx\LoadStore\LoadStoreMachine\LoadStoreMachine\hls\.autopilot\db\loadstore.pp.0.cpp:7264:2: note: FIX-IT applied suggested code changes
C:\Projects\Xilinx\LoadStore\LoadStoreMachine\LoadStoreMachine\hls\.autopilot\db\loadstore.pp.0.cpp:7279:5: warning: Added loop label VITIS_LOOP_98_1:   [xilinx-label-all-loops]
    for(int i = 0; i < 1024; i++)
    ^~~
    VITIS_LOOP_98_1: 
C:\Projects\Xilinx\LoadStore\LoadStoreMachine\LoadStoreMachine\hls\.autopilot\db\loadstore.pp.0.cpp:7279:5: note: FIX-IT applied suggested code changes
C:\Projects\Xilinx\LoadStore\LoadStoreMachine\LoadStoreMachine\hls\.autopilot\db\loadstore.pp.0.cpp:7341:5: warning: Added loop label VITIS_LOOP_160_1:   [xilinx-label-all-loops]
    for(int i = 0; i < 32; i++) {
    ^~~
    VITIS_LOOP_160_1: 
C:\Projects\Xilinx\LoadStore\LoadStoreMachine\LoadStoreMachine\hls\.autopilot\db\loadstore.pp.0.cpp:7341:5: note: FIX-IT applied suggested code changes
