Test 1: Register Write and Read

$00: 0x00000000  0x0000000A  0x00000000  0x00000000  
$04: 0x00000000  0x00000000  0x00000000  0x00000000  
$08: 0x00000000  0x00000000  0x00000000  0x00000000  
$12: 0x00000000  0x00000000  0x00000000  0x00000000  
$16: 0x00000000  0x00000000  0x00000000  0x00000000  
$20: 0x00000000  0x00000000  0x00000000  0x00000000  
$24: 0x00000000  0x00000000  0x00000000  0x00000000  
$28: 0x00000000  0x00000000  0x00000000  0x00000000  

$00: 0x00000000  0x0000000A  0x00000014  0x00000000  
$04: 0x00000000  0x00000000  0x00000000  0x00000000  
$08: 0x00000000  0x00000000  0x00000000  0x00000000  
$12: 0x00000000  0x00000000  0x00000000  0x00000000  
$16: 0x00000000  0x00000000  0x00000000  0x00000000  
$20: 0x00000000  0x00000000  0x00000000  0x00000000  
$24: 0x00000000  0x00000000  0x00000000  0x00000000  
$28: 0x00000000  0x00000000  0x00000000  0x00000000  
PASSTest 2: ADD Operation (R3 = R1 + R2)

$00: 0x00000000  0x0000000A  0x00000014  0x0000001E  
$04: 0x00000000  0x00000000  0x00000000  0x00000000  
$08: 0x00000000  0x00000000  0x00000000  0x00000000  
$12: 0x00000000  0x00000000  0x00000000  0x00000000  
$16: 0x00000000  0x00000000  0x00000000  0x00000000  
$20: 0x00000000  0x00000000  0x00000000  0x00000000  
$24: 0x00000000  0x00000000  0x00000000  0x00000000  
$28: 0x00000000  0x00000000  0x00000000  0x00000000  
  R3 = 0x1E
PASS
Test 3: SUB Operation (R4 = R2 - R1)

$00: 0x00000000  0x0000000A  0x00000014  0x0000001E  
$04: 0x0000000A  0x00000000  0x00000000  0x00000000  
$08: 0x00000000  0x00000000  0x00000000  0x00000000  
$12: 0x00000000  0x00000000  0x00000000  0x00000000  
$16: 0x00000000  0x00000000  0x00000000  0x00000000  
$20: 0x00000000  0x00000000  0x00000000  0x00000000  
$24: 0x00000000  0x00000000  0x00000000  0x00000000  
$28: 0x00000000  0x00000000  0x00000000  0x00000000  
  R4 = 0xA
PASS
Test 4: AND Operation (R5 = R1 AND 0x0F)

$00: 0x00000000  0x0000000A  0x00000014  0x0000001E  
$04: 0x0000000A  0x00000000  0x0000000F  0x00000000  
$08: 0x00000000  0x00000000  0x00000000  0x00000000  
$12: 0x00000000  0x00000000  0x00000000  0x00000000  
$16: 0x00000000  0x00000000  0x00000000  0x00000000  
$20: 0x00000000  0x00000000  0x00000000  0x00000000  
$24: 0x00000000  0x00000000  0x00000000  0x00000000  
$28: 0x00000000  0x00000000  0x00000000  0x00000000  

$00: 0x00000000  0x0000000A  0x00000014  0x0000001E  
$04: 0x0000000A  0x0000000A  0x0000000F  0x00000000  
$08: 0x00000000  0x00000000  0x00000000  0x00000000  
$12: 0x00000000  0x00000000  0x00000000  0x00000000  
$16: 0x00000000  0x00000000  0x00000000  0x00000000  
$20: 0x00000000  0x00000000  0x00000000  0x00000000  
$24: 0x00000000  0x00000000  0x00000000  0x00000000  
$28: 0x00000000  0x00000000  0x00000000  0x00000000  
  R5 = 0xA
PASS
Test 5: OR Operation (R7 = R1 OR 0xF0)

$00: 0x00000000  0x0000000A  0x00000014  0x0000001E  
$04: 0x0000000A  0x0000000A  0x0000000F  0x00000000  
$08: 0x000000F0  0x00000000  0x00000000  0x00000000  
$12: 0x00000000  0x00000000  0x00000000  0x00000000  
$16: 0x00000000  0x00000000  0x00000000  0x00000000  
$20: 0x00000000  0x00000000  0x00000000  0x00000000  
$24: 0x00000000  0x00000000  0x00000000  0x00000000  
$28: 0x00000000  0x00000000  0x00000000  0x00000000  

$00: 0x00000000  0x0000000A  0x00000014  0x0000001E  
$04: 0x0000000A  0x0000000A  0x0000000F  0x000000FA  
$08: 0x000000F0  0x00000000  0x00000000  0x00000000  
$12: 0x00000000  0x00000000  0x00000000  0x00000000  
$16: 0x00000000  0x00000000  0x00000000  0x00000000  
$20: 0x00000000  0x00000000  0x00000000  0x00000000  
$24: 0x00000000  0x00000000  0x00000000  0x00000000  
$28: 0x00000000  0x00000000  0x00000000  0x00000000  
  R7 = 0xFA
PASS
Test 6: Memory Write (mem[0] = 0x12345678)

$00: 0x00000000  0x0000000A  0x00000014  0x0000001E  
$04: 0x0000000A  0x0000000A  0x0000000F  0x000000FA  
$08: 0x000000F0  0x00000000  0x12345678  0x00000000  
$12: 0x00000000  0x00000000  0x00000000  0x00000000  
$16: 0x00000000  0x00000000  0x00000000  0x00000000  
$20: 0x00000000  0x00000000  0x00000000  0x00000000  
$24: 0x00000000  0x00000000  0x00000000  0x00000000  
$28: 0x00000000  0x00000000  0x00000000  0x00000000  

$00: 0x00000000  0x0000000A  0x00000014  0x0000001E  
$04: 0x0000000A  0x0000000A  0x0000000F  0x000000FA  
$08: 0x000000F0  0x00000000  0x12345678  0x00000000  
$12: 0x00000000  0x00000000  0x00000000  0x00000000  
$16: 0x00000000  0x00000000  0x00000000  0x00000000  
$20: 0x00000000  0x00000000  0x00000000  0x00000000  
$24: 0x00000000  0x00000000  0x00000000  0x00000000  
$28: 0x00000000  0x00000000  0x00000000  0x00000000  

$00: 0x00000000  0x0000000A  0x00000014  0x0000001E  
$04: 0x0000000A  0x0000000A  0x0000000F  0x000000FA  
$08: 0x000000F0  0x00000000  0x12345678  0x00000000  
$12: 0x00000000  0x00000000  0x00000000  0x00000000  
$16: 0x00000000  0x00000000  0x00000000  0x00000000  
$20: 0x00000000  0x00000000  0x00000000  0x00000000  
$24: 0x00000000  0x00000000  0x00000000  0x00000000  
$28: 0x00000000  0x00000000  0x00000000  0x00000000  
  Memory[0] = 0x12345678
PASS
Test 7: Memory Read (R12 = mem[0])

$00: 0x00000000  0x0000000A  0x00000014  0x0000001E  
$04: 0x0000000A  0x0000000A  0x0000000F  0x000000FA  
$08: 0x000000F0  0x00000000  0x12345678  0x00000000  
$12: 0x00000000  0x00000000  0x00000000  0x00000000  
$16: 0x00000000  0x00000000  0x00000000  0x00000000  
$20: 0x00000000  0x00000000  0x00000000  0x00000000  
$24: 0x00000000  0x00000000  0x00000000  0x00000000  
$28: 0x00000000  0x00000000  0x00000000  0x00000000  

$00: 0x00000000  0x0000000A  0x00000014  0x0000001E  
$04: 0x0000000A  0x0000000A  0x0000000F  0x000000FA  
$08: 0x000000F0  0x00000000  0x12345678  0x12345678  
$12: 0x00000000  0x00000000  0x00000000  0x00000000  
$16: 0x00000000  0x00000000  0x00000000  0x00000000  
$20: 0x00000000  0x00000000  0x00000000  0x00000000  
$24: 0x00000000  0x00000000  0x00000000  0x00000000  
$28: 0x00000000  0x00000000  0x00000000  0x00000000  
  R12 = 0x12345678
PASS
Test 8: Sequential Operations
  Step 1: R13 = 5 + 3

$00: 0x00000000  0x0000000A  0x00000014  0x0000001E  
$04: 0x0000000A  0x0000000A  0x0000000F  0x000000FA  
$08: 0x000000F0  0x00000000  0x12345678  0x12345678  
$12: 0x00000000  0x00000000  0x00000005  0x00000000  
$16: 0x00000000  0x00000000  0x00000000  0x00000000  
$20: 0x00000000  0x00000000  0x00000000  0x00000000  
$24: 0x00000000  0x00000000  0x00000000  0x00000000  
$28: 0x00000000  0x00000000  0x00000000  0x00000000  

$00: 0x00000000  0x0000000A  0x00000014  0x0000001E  
$04: 0x0000000A  0x0000000A  0x0000000F  0x000000FA  
$08: 0x000000F0  0x00000000  0x12345678  0x12345678  
$12: 0x00000000  0x00000000  0x00000005  0x00000003  
$16: 0x00000000  0x00000000  0x00000000  0x00000000  
$20: 0x00000000  0x00000000  0x00000000  0x00000000  
$24: 0x00000000  0x00000000  0x00000000  0x00000000  
$28: 0x00000000  0x00000000  0x00000000  0x00000000  

$00: 0x00000000  0x0000000A  0x00000014  0x0000001E  
$04: 0x0000000A  0x0000000A  0x0000000F  0x000000FA  
$08: 0x000000F0  0x00000000  0x12345678  0x12345678  
$12: 0x00000000  0x00000008  0x00000005  0x00000003  
$16: 0x00000000  0x00000000  0x00000000  0x00000000  
$20: 0x00000000  0x00000000  0x00000000  0x00000000  
$24: 0x00000000  0x00000000  0x00000000  0x00000000  
$28: 0x00000000  0x00000000  0x00000000  0x00000000  
    Result: 0x8
  Step 2: R16 = R13 * 2 (via ADD R13 + R13)

$00: 0x00000000  0x0000000A  0x00000014  0x0000001E  
$04: 0x0000000A  0x0000000A  0x0000000F  0x000000FA  
$08: 0x000000F0  0x00000000  0x12345678  0x12345678  
$12: 0x00000000  0x00000008  0x00000005  0x00000003  
$16: 0x00000010  0x00000000  0x00000000  0x00000000  
$20: 0x00000000  0x00000000  0x00000000  0x00000000  
$24: 0x00000000  0x00000000  0x00000000  0x00000000  
$28: 0x00000000  0x00000000  0x00000000  0x00000000  
    Result: 0x10
  Step 3: mem[10] = R16

$00: 0x00000000  0x0000000A  0x00000014  0x0000001E  
$04: 0x0000000A  0x0000000A  0x0000000F  0x000000FA  
$08: 0x000000F0  0x00000000  0x12345678  0x12345678  
$12: 0x00000000  0x00000008  0x00000005  0x00000003  
$16: 0x00000010  0x0000000A  0x00000000  0x00000000  
$20: 0x00000000  0x00000000  0x00000000  0x00000000  
$24: 0x00000000  0x00000000  0x00000000  0x00000000  
$28: 0x00000000  0x00000000  0x00000000  0x00000000  

$00: 0x00000000  0x0000000A  0x00000014  0x0000001E  
$04: 0x0000000A  0x0000000A  0x0000000F  0x000000FA  
$08: 0x000000F0  0x00000000  0x12345678  0x12345678  
$12: 0x00000000  0x00000008  0x00000005  0x00000003  
$16: 0x00000010  0x0000000A  0x00000000  0x00000000  
$20: 0x00000000  0x00000000  0x00000000  0x00000000  
$24: 0x00000000  0x00000000  0x00000000  0x00000000  
$28: 0x00000000  0x00000000  0x00000000  0x00000000  
    Result: 0x10
  Step 4: R18 = mem[10]

$00: 0x00000000  0x0000000A  0x00000014  0x0000001E  
$04: 0x0000000A  0x0000000A  0x0000000F  0x000000FA  
$08: 0x000000F0  0x00000000  0x12345678  0x12345678  
$12: 0x00000000  0x00000008  0x00000005  0x00000003  
$16: 0x00000010  0x0000000A  0x00000010  0x00000000  
$20: 0x00000000  0x00000000  0x00000000  0x00000000  
$24: 0x00000000  0x00000000  0x00000000  0x00000000  
$28: 0x00000000  0x00000000  0x00000000  0x00000000  
    Result: 0x10 (expected 0x10 = 16)
PASS

Test Results: 8/8 tests passed
ALL TEST PASSED!
